<?xml version="1.0" encoding="UTF-8"?>
<!-- Generated by org.testng.reporters.JUnitReportReporter -->
<testsuite hostname="DESKTOP-Q2NUHK3" failures="0" tests="4" name="net.calculator.testcalculator.TestClass" time="67.501" errors="0" timestamp="2022-06-08T20:52:26 IST" skipped="0">
  <testcase classname="net.calculator.testcalculator.TestClass" name="testMultiply" time="16.335"/>
  <system-out/>
  <testcase classname="net.calculator.testcalculator.TestClass" name="testdivision" time="16.613"/>
  <system-out/>
  <testcase classname="net.calculator.testcalculator.TestClass" name="testAddition" time="18.050"/>
  <system-out/>
  <testcase classname="net.calculator.testcalculator.TestClass" name="testSubtraction" time="16.503"/>
  <system-out/>
</testsuite> <!-- net.calculator.testcalculator.TestClass -->
